\BOOKMARK [0][-]{chapter*.1}{\376\377\144\130\211\201}{}% 1
\BOOKMARK [0][-]{chapter*.2}{\376\377\000A\000b\000s\000t\000r\000a\000c\000t}{}% 2
\BOOKMARK [0][-]{chapter*.3}{\376\377\126\376\166\356\137\125}{}% 3
\BOOKMARK [0][-]{chapter*.4}{\376\377\210\150\166\356\137\125}{}% 4
\BOOKMARK [0][-]{chapter.1}{\376\377\176\352\213\272}{}% 5
\BOOKMARK [1][-]{section.1.1}{\376\377\170\024\172\166\200\314\146\157\116\016\141\017\116\111}{chapter.1}% 6
\BOOKMARK [1][-]{section.1.2}{\376\377\126\375\121\205\131\026\170\024\172\166\163\260\162\266}{chapter.1}% 7
\BOOKMARK [2][-]{subsection.1.2.1}{\376\377\142\030\147\057\145\160\143\156\224\376}{section.1.2}% 8
\BOOKMARK [2][-]{subsection.1.2.2}{\376\377\137\256\147\015\122\241\147\266\147\204}{section.1.2}% 9
\BOOKMARK [2][-]{subsection.1.2.3}{\376\377\213\355\116\111\116\222\144\315\117\134}{section.1.2}% 10
\BOOKMARK [2][-]{subsection.1.2.4}{\376\377\145\207\150\143\201\352\122\250\123\026\131\004\164\006}{section.1.2}% 11
\BOOKMARK [1][-]{section.1.3}{\376\377\170\024\172\166\121\205\133\271}{chapter.1}% 12
\BOOKMARK [2][-]{subsection.1.3.1}{\376\377\170\024\172\166\166\204\116\073\211\201\121\205\133\271}{section.1.3}% 13
\BOOKMARK [2][-]{subsection.1.3.2}{\376\377\142\337\211\343\121\263\166\204\121\163\225\056\225\356\230\230}{section.1.3}% 14
\BOOKMARK [1][-]{section.1.4}{\376\377\213\272\145\207\176\304\176\307\176\323\147\204}{chapter.1}% 15
\BOOKMARK [0][-]{chapter.2}{\376\377\166\370\121\163\135\345\117\134}{}% 16
\BOOKMARK [1][-]{section.2.1}{\376\377\142\030\147\057\145\160\143\156\224\376\377\010\000T\000a\000c\000t\000i\000c\000a\000l\000\040\000D\000a\000t\000a\000\040\000L\000i\000n\000k\377\011}{chapter.2}% 17
\BOOKMARK [1][-]{section.2.2}{\376\377\000M\000I\000L\000-\000S\000T\000D\000-\0006\0000\0001\0006\000\040\150\007\121\306\150\106\147\266\116\016\162\171\160\271}{chapter.2}% 18
\BOOKMARK [1][-]{section.2.3}{\376\377\137\256\147\015\122\241\147\266\147\204}{chapter.2}% 19
\BOOKMARK [1][-]{section.2.4}{\376\377\213\355\116\111\116\222\144\315\117\134}{chapter.2}% 20
\BOOKMARK [1][-]{section.2.5}{\376\377\201\352\122\250\123\026\131\004\164\006}{chapter.2}% 21
\BOOKMARK [0][-]{chapter.3}{\376\377\174\373\176\337\227\000\154\102\122\006\147\220}{}% 22
\BOOKMARK [1][-]{section.3.1}{\376\377\122\237\200\375\227\000\154\102}{chapter.3}% 23
\BOOKMARK [2][-]{subsection.3.1.1}{\376\377\145\160\143\156\162\171\137\201\116\016\131\004\164\006\227\000\154\102}{section.3.1}% 24
\BOOKMARK [2][-]{subsection.3.1.2}{\376\377\150\007\121\306\155\210\140\157\173\241\164\006}{section.3.1}% 25
\BOOKMARK [2][-]{subsection.3.1.3}{\376\377\133\127\153\265\116\016\213\355\116\111\151\202\137\365\176\321\133\232}{section.3.1}% 26
\BOOKMARK [2][-]{subsection.3.1.4}{\376\377\131\032\224\376\215\357\116\222\144\315\117\134\145\057\143\001}{section.3.1}% 27
\BOOKMARK [2][-]{subsection.3.1.5}{\376\377\145\160\143\156\136\223\144\315\117\134\116\016\176\364\142\244}{section.3.1}% 28
\BOOKMARK [2][-]{subsection.3.1.6}{\376\377\122\115\172\357\116\244\116\222\116\016\123\357\211\306\123\026}{section.3.1}% 29
\BOOKMARK [2][-]{subsection.3.1.7}{\376\377\116\377\167\037\116\016\232\214\213\301\143\245\123\343}{section.3.1}% 30
\BOOKMARK [1][-]{section.3.2}{\376\377\174\373\176\337\227\136\122\237\200\375\140\047\227\000\154\102\122\006\147\220}{chapter.3}% 31
\BOOKMARK [2][-]{subsection.3.2.1}{\376\377\140\047\200\375\227\000\154\102}{section.3.2}% 32
\BOOKMARK [2][-]{subsection.3.2.2}{\376\377\133\211\121\150\140\047\227\000\154\102}{section.3.2}% 33
\BOOKMARK [2][-]{subsection.3.2.3}{\376\377\123\357\142\151\134\125\140\047\227\000\154\102}{section.3.2}% 34
\BOOKMARK [0][-]{chapter.4}{\376\377\145\160\143\156\136\223\213\276\213\241\116\016\174\373\176\337\147\266\147\204}{}% 35
\BOOKMARK [1][-]{section.4.1}{\376\377\140\073\117\123\213\276\213\241\140\035\215\357}{chapter.4}% 36
\BOOKMARK [2][-]{subsection.4.1.1}{\376\377\213\276\213\241\166\356\150\007}{section.4.1}% 37
\BOOKMARK [2][-]{subsection.4.1.2}{\376\377\213\276\213\241\123\237\122\031}{section.4.1}% 38
\BOOKMARK [2][-]{subsection.4.1.3}{\376\377\140\073\117\123\147\266\147\204}{section.4.1}% 39
\BOOKMARK [1][-]{section.4.2}{\376\377\145\160\143\156\210\150\176\323\147\204\116\016\000E\000R\152\041\127\213}{chapter.4}% 40
\BOOKMARK [2][-]{subsection.4.2.1}{\376\377\136\372\152\041\123\237\122\031}{section.4.2}% 41
\BOOKMARK [2][-]{subsection.4.2.2}{\376\377\150\070\137\303\133\236\117\123\116\016\121\163\174\373}{section.4.2}% 42
\BOOKMARK [2][-]{subsection.4.2.3}{\376\377\116\073\131\026\225\056\116\016\176\246\147\137\213\276\213\241}{section.4.2}% 43
\BOOKMARK [2][-]{subsection.4.2.4}{\376\377\162\110\147\054\173\241\164\006\116\016\133\241\213\241\142\151\134\125}{section.4.2}% 44
\BOOKMARK [2][-]{subsection.4.2.5}{\376\377\121\170\127\213\000\040\000D\000D\000L\000\040\162\107\153\265\377\010\171\072\117\213\377\011}{section.4.2}% 45
\BOOKMARK [2][-]{subsection.4.2.6}{\376\377\175\042\137\025\173\126\165\145\116\016\121\170\127\213\147\345\213\342}{section.4.2}% 46
\BOOKMARK [2][-]{subsection.4.2.7}{\376\377\116\016\000\040\000E\000R\000\040\126\376\166\204\133\371\136\224\121\163\174\373}{section.4.2}% 47
\BOOKMARK [1][-]{section.4.3}{\376\377\145\160\143\156\133\374\121\145\116\016\156\005\155\027\377\010\000C\000S\000V\000/\000E\000x\000c\000e\000l\377\011}{chapter.4}% 48
\BOOKMARK [2][-]{subsection.4.3.1}{\376\377\145\160\143\156\133\374\121\145\155\101\172\013}{section.4.3}% 49
\BOOKMARK [2][-]{subsection.4.3.2}{\376\377\145\160\143\156\156\005\155\027\173\126\165\145}{section.4.3}% 50
\BOOKMARK [2][-]{subsection.4.3.3}{\376\377\142\171\221\317\131\004\164\006\116\016\145\110\163\207\117\030\123\026}{section.4.3}% 51
\BOOKMARK [1][-]{section.4.4}{\376\377\175\042\137\025\116\016\147\345\213\342\117\030\123\026}{chapter.4}% 52
\BOOKMARK [2][-]{subsection.4.4.1}{\376\377\175\042\137\025\213\276\213\241\123\237\122\031}{section.4.4}% 53
\BOOKMARK [2][-]{subsection.4.4.2}{\376\377\121\170\127\213\147\345\213\342\117\030\123\026}{section.4.4}% 54
\BOOKMARK [2][-]{subsection.4.4.3}{\376\377\147\345\213\342\117\030\123\026\173\126\165\145}{section.4.4}% 55
\BOOKMARK [2][-]{subsection.4.4.4}{\376\377\140\047\200\375\213\304\117\060}{section.4.4}% 56
\BOOKMARK [1][-]{section.4.5}{\376\377\145\160\143\156\116\000\201\364\140\047\116\016\133\214\145\164\140\047\117\335\226\234}{chapter.4}% 57
\BOOKMARK [2][-]{subsection.4.5.1}{\376\377\116\213\122\241\116\000\201\364\140\047\116\016\136\166\123\321\143\247\122\066}{section.4.5}% 58
\BOOKMARK [2][-]{subsection.4.5.2}{\376\377\133\214\145\164\140\047\176\246\147\137\116\016\211\304\122\031\133\232\116\111}{section.4.5}% 59
\BOOKMARK [2][-]{subsection.4.5.3}{\376\377\215\350\224\376\116\222\144\315\117\134\116\000\201\364\140\047}{section.4.5}% 60
\BOOKMARK [2][-]{subsection.4.5.4}{\376\377\133\236\145\366\166\321\143\247\116\016\137\002\136\070\131\004\164\006}{section.4.5}% 61
\BOOKMARK [2][-]{subsection.4.5.5}{\376\377\162\110\147\054\173\241\164\006\116\016\123\357\217\375\156\257\140\047}{section.4.5}% 62
\BOOKMARK [1][-]{section.4.6}{\376\377\145\160\143\156\136\223\133\211\121\150\116\016\213\277\225\356\143\247\122\066}{chapter.4}% 63
\BOOKMARK [2][-]{subsection.4.6.1}{\376\377\145\160\143\156\122\240\133\306\116\016\133\130\120\250\133\211\121\150}{section.4.6}% 64
\BOOKMARK [2][-]{subsection.4.6.2}{\376\377\213\277\225\356\143\247\122\066\116\016\147\103\226\120\173\241\164\006}{section.4.6}% 65
\BOOKMARK [2][-]{subsection.4.6.3}{\376\377\133\241\213\241\145\345\137\327\116\016\166\321\143\247}{section.4.6}% 66
\BOOKMARK [1][-]{section.4.7}{\376\377\145\160\143\156\136\223\131\007\116\375\116\016\140\142\131\015}{chapter.4}% 67
\BOOKMARK [2][-]{subsection.4.7.1}{\376\377\131\007\116\375\173\126\165\145\213\276\213\241}{section.4.7}% 68
\BOOKMARK [2][-]{subsection.4.7.2}{\376\377\140\142\131\015\147\072\122\066\133\236\163\260}{section.4.7}% 69
\BOOKMARK [2][-]{subsection.4.7.3}{\376\377\160\176\226\276\140\142\131\015\145\271\150\110}{section.4.7}% 70
\BOOKMARK [1][-]{section.4.8}{\376\377\174\373\176\337\140\073\117\123\147\266\147\204}{chapter.4}% 71
\BOOKMARK [2][-]{subsection.4.8.1}{\376\377\122\006\134\102\213\276\213\241}{section.4.8}% 72
\BOOKMARK [2][-]{subsection.4.8.2}{\376\377\142\200\147\057\220\011\127\213\116\016\133\236\163\260}{section.4.8}% 73
\BOOKMARK [1][-]{section.4.9}{\376\377\124\016\172\357\147\266\147\204\213\276\213\241}{chapter.4}% 74
\BOOKMARK [2][-]{subsection.4.9.1}{\376\377\147\266\147\204\134\102\153\041}{section.4.9}% 75
\BOOKMARK [2][-]{subsection.4.9.2}{\376\377\150\070\137\303\143\245\123\343\213\276\213\241}{section.4.9}% 76
\BOOKMARK [1][-]{section.4.10}{\376\377\122\115\172\357\147\266\147\204\213\276\213\241}{chapter.4}% 77
\BOOKMARK [2][-]{subsection.4.10.1}{\376\377\142\200\147\057\150\010\220\011\142\351}{section.4.10}% 78
\BOOKMARK [2][-]{subsection.4.10.2}{\376\377\176\304\116\366\147\266\147\204}{section.4.10}% 79
\BOOKMARK [2][-]{subsection.4.10.3}{\376\377\145\160\143\156\155\101\213\276\213\241}{section.4.10}% 80
\BOOKMARK [2][-]{subsection.4.10.4}{\376\377\116\073\211\201\176\304\116\366\116\016\150\067\137\017}{section.4.10}% 81
\BOOKMARK [0][-]{chapter.5}{\376\377\174\373\176\337\133\236\163\260\060\001\155\113\213\325\116\016\140\047\200\375\122\006\147\220}{}% 82
\BOOKMARK [1][-]{section.5.1}{\376\377\145\160\143\156\136\223\122\035\131\313\123\026\116\016\145\160\143\156\133\374\121\145}{chapter.5}% 83
\BOOKMARK [2][-]{subsection.5.1.1}{\376\377\145\160\143\156\136\223\122\035\131\313\123\026}{section.5.1}% 84
\BOOKMARK [2][-]{subsection.5.1.2}{\376\377\000C\000S\000V\000/\000E\000x\000c\000e\000l\000\040\142\171\221\317\133\374\121\145}{section.5.1}% 85
\BOOKMARK [2][-]{subsection.5.1.3}{\376\377\145\160\143\156\156\005\155\027\116\016\116\000\201\364\140\047\117\335\226\234}{section.5.1}% 86
\BOOKMARK [2][-]{subsection.5.1.4}{\376\377\133\374\121\145\155\101\172\013\126\376}{section.5.1}% 87
\BOOKMARK [1][-]{section.5.2}{\376\377\150\070\137\303\122\237\200\375\152\041\127\127\133\236\163\260}{chapter.5}% 88
\BOOKMARK [2][-]{subsection.5.2.1}{\376\377\145\160\143\156\173\241\164\006\116\016\176\321\133\232}{section.5.2}% 89
\BOOKMARK [2][-]{subsection.5.2.2}{\376\377\144\034\175\042\116\016\153\324\217\203}{section.5.2}% 90
\BOOKMARK [2][-]{subsection.5.2.3}{\376\377\133\374\121\372\116\016\133\241\213\241}{section.5.2}% 91
\BOOKMARK [2][-]{subsection.5.2.4}{\376\377\133\211\121\150\116\016\226\062\142\244}{section.5.2}% 92
\BOOKMARK [1][-]{section.5.3}{\376\377\144\034\175\042\116\016\153\324\217\203\122\237\200\375\157\024\171\072}{chapter.5}% 93
\BOOKMARK [2][-]{subsection.5.3.1}{\376\377\144\034\175\042\157\024\171\072}{section.5.3}% 94
\BOOKMARK [2][-]{subsection.5.3.2}{\376\377\153\324\217\203\157\024\171\072}{section.5.3}% 95
\BOOKMARK [1][-]{section.5.4}{\376\377\122\115\172\357\116\244\116\222\116\016\123\357\211\306\123\026\145\110\147\234}{chapter.5}% 96
\BOOKMARK [1][-]{section.5.5}{\376\377\174\373\176\337\217\320\210\114\163\257\130\203\116\016\220\350\177\162}{chapter.5}% 97
\BOOKMARK [2][-]{subsection.5.5.1}{\376\377\217\320\210\114\163\257\130\203}{section.5.5}% 98
\BOOKMARK [2][-]{subsection.5.5.2}{\376\377\220\350\177\162\145\271\137\017}{section.5.5}% 99
\BOOKMARK [2][-]{subsection.5.5.3}{\376\377\217\320\210\114\145\110\147\234}{section.5.5}% 100
\BOOKMARK [1][-]{section.5.6}{\376\377\174\373\176\337\155\113\213\325\145\271\150\110\116\016\145\271\154\325}{chapter.5}% 101
\BOOKMARK [1][-]{section.5.7}{\376\377\122\237\200\375\155\113\213\325\176\323\147\234}{chapter.5}% 102
\BOOKMARK [1][-]{section.5.8}{\376\377\140\047\200\375\116\016\123\213\122\233\155\113\213\325}{chapter.5}% 103
\BOOKMARK [1][-]{section.5.9}{\376\377\165\050\142\067\117\123\232\214\213\304\117\060}{chapter.5}% 104
\BOOKMARK [0][-]{chapter.6}{\376\377\140\073\176\323\116\016\134\125\147\033}{}% 105
\BOOKMARK [1][-]{section.6.1}{\376\377\170\024\172\166\142\020\147\234\140\073\176\323}{chapter.6}% 106
\BOOKMARK [1][-]{section.6.2}{\376\377\133\130\127\050\166\204\116\015\215\263}{chapter.6}% 107
\BOOKMARK [1][-]{section.6.3}{\376\377\147\052\147\145\170\024\172\166\145\271\124\021}{chapter.6}% 108
\BOOKMARK [0][-]{chapter*.38}{\376\377\123\302\200\003\145\207\163\056}{}% 109
\BOOKMARK [0][-]{appendix*.39}{\376\377\201\364\214\042}{}% 110
\BOOKMARK [0][-]{appendix*.40}{\376\377\123\321\210\150\213\272\145\207\124\214\171\321\170\024\140\305\121\265}{}% 111
